#
# There is insufficient memory for the Java Runtime Environment to continue.
# Native memory allocation (malloc) failed to allocate 79136 bytes for Chunk::new
# Possible reasons:
#   The system is out of physical RAM or swap space
#   The process is running with CompressedOops enabled, and the Java Heap may be blocking the growth of the native heap
# Possible solutions:
#   Reduce memory load on the system
#   Increase physical memory or swap space
#   Check if swap backing store is full
#   Decrease Java heap size (-Xmx/-Xms)
#   Decrease number of Java threads
#   Decrease Java thread stack sizes (-Xss)
#   Set larger code cache with -XX:ReservedCodeCacheSize=
#   JVM is running with Unscaled Compressed Oops mode in which the Java heap is
#     placed in the first 4GB address space. The Java Heap base address is the
#     maximum limit for the native heap growth. Please use -XX:HeapBaseMinAddress
#     to set the Java Heap base and to place the Java Heap above 4GB virtual address.
# This output file may be truncated or incomplete.
#
#  Out of Memory Error (arena.cpp:189), pid=10980, tid=12356
#
# JRE version: Java(TM) SE Runtime Environment (17.0.6+9) (build 17.0.6+9-LTS-190)
# Java VM: Java HotSpot(TM) 64-Bit Server VM (17.0.6+9-LTS-190, mixed mode, sharing, tiered, compressed oops, compressed class ptrs, g1 gc, windows-amd64)
# No core dump will be written. Minidumps are not enabled by default on client versions of Windows
#

---------------  S U M M A R Y ------------

Command Line: com.imaliarosyida.studentsmartpoinwebapp.StudentSmartPoinWebappApplication

Host: Intel(R) Core(TM) i5-1035G1 CPU @ 1.00GHz, 8 cores, 3G,  Windows 10 , 64 bit Build 19041 (10.0.19041.292)
Time: Fri Jun  2 18:42:18 2023 SE Asia Standard Time elapsed time: 0.687389 seconds (0d 0h 0m 0s)

---------------  T H R E A D  ---------------

Current thread (0x0000023e67d3d880):  JavaThread "C2 CompilerThread0" daemon [_thread_in_native, id=12356, stack(0x000000ec67d00000,0x000000ec67e00000)]


Current CompileTask:
C2:    687  367       4       java.util.jar.Manifest$FastInputStream::readLine (296 bytes)

Stack: [0x000000ec67d00000,0x000000ec67e00000]
Native frames: (J=compiled Java code, j=interpreted, Vv=VM code, C=native code)
V  [jvm.dll+0x6734ea]
V  [jvm.dll+0x7d18f4]
V  [jvm.dll+0x7d309e]
V  [jvm.dll+0x7d3703]
V  [jvm.dll+0x2433c5]
V  [jvm.dll+0xaa46b]
V  [jvm.dll+0xaaa0c]
V  [jvm.dll+0x2a8b1f]
V  [jvm.dll+0x57bf85]
V  [jvm.dll+0x21e142]
V  [jvm.dll+0x2179dd]
V  [jvm.dll+0x215109]
V  [jvm.dll+0x1a1730]
V  [jvm.dll+0x224b6e]
V  [jvm.dll+0x222f15]
V  [jvm.dll+0x78753c]
V  [jvm.dll+0x781a7a]
V  [jvm.dll+0x672375]
C  [ucrtbase.dll+0x21542]
C  [KERNEL32.DLL+0x16fd4]
C  [ntdll.dll+0x4cec1]


---------------  P R O C E S S  ---------------

Threads class SMR info:
_java_thread_list=0x0000023e68ca48c0, length=12, elements={
0x0000023e4bf3b690, 0x0000023e67d244f0, 0x0000023e67d24ea0, 0x0000023e67d332b0,
0x0000023e67d33c60, 0x0000023e67d34610, 0x0000023e67d395f0, 0x0000023e67d3d880,
0x0000023e67d3e320, 0x0000023e67d48d30, 0x0000023e68cf0310, 0x0000023e68cfb1f0
}

Java Threads: ( => current thread )
  0x0000023e4bf3b690 JavaThread "main" [_thread_in_native, id=16568, stack(0x000000ec67000000,0x000000ec67100000)]
  0x0000023e67d244f0 JavaThread "Reference Handler" daemon [_thread_blocked, id=12112, stack(0x000000ec67700000,0x000000ec67800000)]
  0x0000023e67d24ea0 JavaThread "Finalizer" daemon [_thread_blocked, id=19900, stack(0x000000ec67800000,0x000000ec67900000)]
  0x0000023e67d332b0 JavaThread "Signal Dispatcher" daemon [_thread_blocked, id=600, stack(0x000000ec67900000,0x000000ec67a00000)]
  0x0000023e67d33c60 JavaThread "Attach Listener" daemon [_thread_blocked, id=20488, stack(0x000000ec67a00000,0x000000ec67b00000)]
  0x0000023e67d34610 JavaThread "Service Thread" daemon [_thread_blocked, id=8240, stack(0x000000ec67b00000,0x000000ec67c00000)]
  0x0000023e67d395f0 JavaThread "Monitor Deflation Thread" daemon [_thread_blocked, id=1412, stack(0x000000ec67c00000,0x000000ec67d00000)]
=>0x0000023e67d3d880 JavaThread "C2 CompilerThread0" daemon [_thread_in_native, id=12356, stack(0x000000ec67d00000,0x000000ec67e00000)]
  0x0000023e67d3e320 JavaThread "C1 CompilerThread0" daemon [_thread_in_native, id=15844, stack(0x000000ec67e00000,0x000000ec67f00000)]
  0x0000023e67d48d30 JavaThread "Sweeper thread" daemon [_thread_blocked, id=5740, stack(0x000000ec67f00000,0x000000ec68000000)]
  0x0000023e68cf0310 JavaThread "Notification Thread" daemon [_thread_blocked, id=15492, stack(0x000000ec68000000,0x000000ec68100000)]
  0x0000023e68cfb1f0 JavaThread "Common-Cleaner" daemon [_thread_blocked, id=14244, stack(0x000000ec68200000,0x000000ec68300000)]

Other Threads:
  0x0000023e67d1bb00 VMThread "VM Thread" [stack: 0x000000ec67600000,0x000000ec67700000] [id=20868]
  0x0000023e4bfa4250 WatcherThread [stack: 0x000000ec68100000,0x000000ec68200000] [id=5704]
  0x0000023e4bf76700 GCTaskThread "GC Thread#0" [stack: 0x000000ec67100000,0x000000ec67200000] [id=19752]
  0x0000023e4bf8e4d0 ConcurrentGCThread "G1 Main Marker" [stack: 0x000000ec67200000,0x000000ec67300000] [id=19684]
  0x0000023e4bf8f890 ConcurrentGCThread "G1 Conc#0" [stack: 0x000000ec67300000,0x000000ec67400000] [id=16048]
  0x0000023e4bfcc710 ConcurrentGCThread "G1 Refine#0" [stack: 0x000000ec67400000,0x000000ec67500000] [id=17464]
  0x0000023e4bfccde0 ConcurrentGCThread "G1 Service" [stack: 0x000000ec67500000,0x000000ec67600000] [id=21048]

Threads with active compile tasks:
C2 CompilerThread0      758  367       4       java.util.jar.Manifest$FastInputStream::readLine (296 bytes)
C1 CompilerThread0      758  425       3       java.lang.String::equalsIgnoreCase (45 bytes)

VM state: not at safepoint (normal execution)

VM Mutex/Monitor currently owned by a thread: None

Heap address: 0x00000000c4000000, size: 960 MB, Compressed Oops mode: 32-bit

CDS archive(s) mapped at: [0x0000000800000000-0x0000000800bd0000-0x0000000800bd0000), size 12386304, SharedBaseAddress: 0x0000000800000000, ArchiveRelocationMode: 0.
Compressed class space mapped at: 0x0000000800c00000-0x0000000840c00000, reserved size: 1073741824
Narrow klass base: 0x0000000800000000, Narrow klass shift: 0, Narrow klass range: 0x100000000

GC Precious Log:
 CPUs: 8 total, 8 available
 Memory: 3836M
 Large Page Support: Disabled
 NUMA Support: Disabled
 Compressed Oops: Enabled (32-bit)
 Heap Region Size: 1M
 Heap Min Capacity: 8M
 Heap Initial Capacity: 60M
 Heap Max Capacity: 960M
 Pre-touch: Disabled
 Parallel Workers: 8
 Concurrent Workers: 2
 Concurrent Refinement Workers: 8
 Periodic GC: Disabled

Heap:
 garbage-first heap   total 61440K, used 9216K [0x00000000c4000000, 0x0000000100000000)
  region size 1024K, 10 young (10240K), 0 survivors (0K)
 Metaspace       used 1505K, committed 1536K, reserved 1056768K
  class space    used 118K, committed 128K, reserved 1048576K

Heap Regions: E=young(eden), S=young(survivor), O=old, HS=humongous(starts), HC=humongous(continues), CS=collection set, F=free, OA=open archive, CA=closed archive, TAMS=top-at-mark-start (previous, next)
|   0|0x00000000c4000000, 0x00000000c4100000, 0x00000000c4100000|100%|HS|  |TAMS 0x00000000c4000000, 0x00000000c4000000| Complete 
|   1|0x00000000c4100000, 0x00000000c4100000, 0x00000000c4200000|  0%| F|  |TAMS 0x00000000c4100000, 0x00000000c4100000| Untracked 
|   2|0x00000000c4200000, 0x00000000c4200000, 0x00000000c4300000|  0%| F|  |TAMS 0x00000000c4200000, 0x00000000c4200000| Untracked 
|   3|0x00000000c4300000, 0x00000000c4300000, 0x00000000c4400000|  0%| F|  |TAMS 0x00000000c4300000, 0x00000000c4300000| Untracked 
|   4|0x00000000c4400000, 0x00000000c4400000, 0x00000000c4500000|  0%| F|  |TAMS 0x00000000c4400000, 0x00000000c4400000| Untracked 
|   5|0x00000000c4500000, 0x00000000c4500000, 0x00000000c4600000|  0%| F|  |TAMS 0x00000000c4500000, 0x00000000c4500000| Untracked 
|   6|0x00000000c4600000, 0x00000000c4600000, 0x00000000c4700000|  0%| F|  |TAMS 0x00000000c4600000, 0x00000000c4600000| Untracked 
|   7|0x00000000c4700000, 0x00000000c4700000, 0x00000000c4800000|  0%| F|  |TAMS 0x00000000c4700000, 0x00000000c4700000| Untracked 
|   8|0x00000000c4800000, 0x00000000c4800000, 0x00000000c4900000|  0%| F|  |TAMS 0x00000000c4800000, 0x00000000c4800000| Untracked 
|   9|0x00000000c4900000, 0x00000000c4900000, 0x00000000c4a00000|  0%| F|  |TAMS 0x00000000c4900000, 0x00000000c4900000| Untracked 
|  10|0x00000000c4a00000, 0x00000000c4a00000, 0x00000000c4b00000|  0%| F|  |TAMS 0x00000000c4a00000, 0x00000000c4a00000| Untracked 
|  11|0x00000000c4b00000, 0x00000000c4b00000, 0x00000000c4c00000|  0%| F|  |TAMS 0x00000000c4b00000, 0x00000000c4b00000| Untracked 
|  12|0x00000000c4c00000, 0x00000000c4c00000, 0x00000000c4d00000|  0%| F|  |TAMS 0x00000000c4c00000, 0x00000000c4c00000| Untracked 
|  13|0x00000000c4d00000, 0x00000000c4d00000, 0x00000000c4e00000|  0%| F|  |TAMS 0x00000000c4d00000, 0x00000000c4d00000| Untracked 
|  14|0x00000000c4e00000, 0x00000000c4e00000, 0x00000000c4f00000|  0%| F|  |TAMS 0x00000000c4e00000, 0x00000000c4e00000| Untracked 
|  15|0x00000000c4f00000, 0x00000000c4f00000, 0x00000000c5000000|  0%| F|  |TAMS 0x00000000c4f00000, 0x00000000c4f00000| Untracked 
|  16|0x00000000c5000000, 0x00000000c5000000, 0x00000000c5100000|  0%| F|  |TAMS 0x00000000c5000000, 0x00000000c5000000| Untracked 
|  17|0x00000000c5100000, 0x00000000c5100000, 0x00000000c5200000|  0%| F|  |TAMS 0x00000000c5100000, 0x00000000c5100000| Untracked 
|  18|0x00000000c5200000, 0x00000000c5200000, 0x00000000c5300000|  0%| F|  |TAMS 0x00000000c5200000, 0x00000000c5200000| Untracked 
|  19|0x00000000c5300000, 0x00000000c5300000, 0x00000000c5400000|  0%| F|  |TAMS 0x00000000c5300000, 0x00000000c5300000| Untracked 
|  20|0x00000000c5400000, 0x00000000c5400000, 0x00000000c5500000|  0%| F|  |TAMS 0x00000000c5400000, 0x00000000c5400000| Untracked 
|  21|0x00000000c5500000, 0x00000000c5500000, 0x00000000c5600000|  0%| F|  |TAMS 0x00000000c5500000, 0x00000000c5500000| Untracked 
|  22|0x00000000c5600000, 0x00000000c5600000, 0x00000000c5700000|  0%| F|  |TAMS 0x00000000c5600000, 0x00000000c5600000| Untracked 
|  23|0x00000000c5700000, 0x00000000c5700000, 0x00000000c5800000|  0%| F|  |TAMS 0x00000000c5700000, 0x00000000c5700000| Untracked 
|  24|0x00000000c5800000, 0x00000000c5800000, 0x00000000c5900000|  0%| F|  |TAMS 0x00000000c5800000, 0x00000000c5800000| Untracked 
|  25|0x00000000c5900000, 0x00000000c5900000, 0x00000000c5a00000|  0%| F|  |TAMS 0x00000000c5900000, 0x00000000c5900000| Untracked 
|  26|0x00000000c5a00000, 0x00000000c5a00000, 0x00000000c5b00000|  0%| F|  |TAMS 0x00000000c5a00000, 0x00000000c5a00000| Untracked 
|  27|0x00000000c5b00000, 0x00000000c5b00000, 0x00000000c5c00000|  0%| F|  |TAMS 0x00000000c5b00000, 0x00000000c5b00000| Untracked 
|  28|0x00000000c5c00000, 0x00000000c5c00000, 0x00000000c5d00000|  0%| F|  |TAMS 0x00000000c5c00000, 0x00000000c5c00000| Untracked 
|  29|0x00000000c5d00000, 0x00000000c5d00000, 0x00000000c5e00000|  0%| F|  |TAMS 0x00000000c5d00000, 0x00000000c5d00000| Untracked 
|  30|0x00000000c5e00000, 0x00000000c5e00000, 0x00000000c5f00000|  0%| F|  |TAMS 0x00000000c5e00000, 0x00000000c5e00000| Untracked 
|  31|0x00000000c5f00000, 0x00000000c5f00000, 0x00000000c6000000|  0%| F|  |TAMS 0x00000000c5f00000, 0x00000000c5f00000| Untracked 
|  32|0x00000000c6000000, 0x00000000c6000000, 0x00000000c6100000|  0%| F|  |TAMS 0x00000000c6000000, 0x00000000c6000000| Untracked 
|  33|0x00000000c6100000, 0x00000000c6100000, 0x00000000c6200000|  0%| F|  |TAMS 0x00000000c6100000, 0x00000000c6100000| Untracked 
|  34|0x00000000c6200000, 0x00000000c6200000, 0x00000000c6300000|  0%| F|  |TAMS 0x00000000c6200000, 0x00000000c6200000| Untracked 
|  35|0x00000000c6300000, 0x00000000c6300000, 0x00000000c6400000|  0%| F|  |TAMS 0x00000000c6300000, 0x00000000c6300000| Untracked 
|  36|0x00000000c6400000, 0x00000000c6400000, 0x00000000c6500000|  0%| F|  |TAMS 0x00000000c6400000, 0x00000000c6400000| Untracked 
|  37|0x00000000c6500000, 0x00000000c6500000, 0x00000000c6600000|  0%| F|  |TAMS 0x00000000c6500000, 0x00000000c6500000| Untracked 
|  38|0x00000000c6600000, 0x00000000c6600000, 0x00000000c6700000|  0%| F|  |TAMS 0x00000000c6600000, 0x00000000c6600000| Untracked 
|  39|0x00000000c6700000, 0x00000000c6700000, 0x00000000c6800000|  0%| F|  |TAMS 0x00000000c6700000, 0x00000000c6700000| Untracked 
|  40|0x00000000c6800000, 0x00000000c6800000, 0x00000000c6900000|  0%| F|  |TAMS 0x00000000c6800000, 0x00000000c6800000| Untracked 
|  41|0x00000000c6900000, 0x00000000c6900000, 0x00000000c6a00000|  0%| F|  |TAMS 0x00000000c6900000, 0x00000000c6900000| Untracked 
|  42|0x00000000c6a00000, 0x00000000c6a00000, 0x00000000c6b00000|  0%| F|  |TAMS 0x00000000c6a00000, 0x00000000c6a00000| Untracked 
|  43|0x00000000c6b00000, 0x00000000c6b00000, 0x00000000c6c00000|  0%| F|  |TAMS 0x00000000c6b00000, 0x00000000c6b00000| Untracked 
|  44|0x00000000c6c00000, 0x00000000c6c00000, 0x00000000c6d00000|  0%| F|  |TAMS 0x00000000c6c00000, 0x00000000c6c00000| Untracked 
|  45|0x00000000c6d00000, 0x00000000c6d00000, 0x00000000c6e00000|  0%| F|  |TAMS 0x00000000c6d00000, 0x00000000c6d00000| Untracked 
|  46|0x00000000c6e00000, 0x00000000c6e00000, 0x00000000c6f00000|  0%| F|  |TAMS 0x00000000c6e00000, 0x00000000c6e00000| Untracked 
|  47|0x00000000c6f00000, 0x00000000c6f00000, 0x00000000c7000000|  0%| F|  |TAMS 0x00000000c6f00000, 0x00000000c6f00000| Untracked 
|  48|0x00000000c7000000, 0x00000000c7000000, 0x00000000c7100000|  0%| F|  |TAMS 0x00000000c7000000, 0x00000000c7000000| Untracked 
|  49|0x00000000c7100000, 0x00000000c7100000, 0x00000000c7200000|  0%| F|  |TAMS 0x00000000c7100000, 0x00000000c7100000| Untracked 
|  50|0x00000000c7200000, 0x00000000c72764a0, 0x00000000c7300000| 46%| E|  |TAMS 0x00000000c7200000, 0x00000000c7200000| Complete 
|  51|0x00000000c7300000, 0x00000000c7400000, 0x00000000c7400000|100%| E|CS|TAMS 0x00000000c7300000, 0x00000000c7300000| Complete 
|  52|0x00000000c7400000, 0x00000000c7500000, 0x00000000c7500000|100%| E|CS|TAMS 0x00000000c7400000, 0x00000000c7400000| Complete 
|  53|0x00000000c7500000, 0x00000000c7600000, 0x00000000c7600000|100%| E|CS|TAMS 0x00000000c7500000, 0x00000000c7500000| Complete 
|  54|0x00000000c7600000, 0x00000000c7700000, 0x00000000c7700000|100%| E|  |TAMS 0x00000000c7600000, 0x00000000c7600000| Complete 
|  55|0x00000000c7700000, 0x00000000c7800000, 0x00000000c7800000|100%| E|CS|TAMS 0x00000000c7700000, 0x00000000c7700000| Complete 
|  56|0x00000000c7800000, 0x00000000c7900000, 0x00000000c7900000|100%| E|CS|TAMS 0x00000000c7800000, 0x00000000c7800000| Complete 
|  57|0x00000000c7900000, 0x00000000c7a00000, 0x00000000c7a00000|100%| E|CS|TAMS 0x00000000c7900000, 0x00000000c7900000| Complete 
|  58|0x00000000c7a00000, 0x00000000c7b00000, 0x00000000c7b00000|100%| E|CS|TAMS 0x00000000c7a00000, 0x00000000c7a00000| Complete 
|  59|0x00000000c7b00000, 0x00000000c7c00000, 0x00000000c7c00000|100%| E|CS|TAMS 0x00000000c7b00000, 0x00000000c7b00000| Complete 

Card table byte_map: [0x0000023e63430000,0x0000023e63610000] _byte_map_base: 0x0000023e62e10000

Marking Bits (Prev, Next): (CMBitMap*) 0x0000023e4bf76ab0, (CMBitMap*) 0x0000023e4bf76af0
 Prev Bits: [0x0000023e637f0000, 0x0000023e646f0000)
 Next Bits: [0x0000023e646f0000, 0x0000023e655f0000)

Polling page: 0x0000023e4bfe0000

Metaspace:

Usage:
  Non-class:      1.37 MB used.
      Class:    118.27 KB used.
       Both:      1.48 MB used.

Virtual space:
  Non-class space:        8.00 MB reserved,       1.44 MB ( 18%) committed,  1 nodes.
      Class space:        1.00 GB reserved,     128.00 KB ( <1%) committed,  1 nodes.
             Both:        1.01 GB reserved,       1.56 MB ( <1%) committed. 

Chunk freelists:
   Non-Class:  3.52 MB
       Class:  3.69 MB
        Both:  7.21 MB

MaxMetaspaceSize: unlimited
CompressedClassSpaceSize: 1.00 GB
Initial GC threshold: 21.00 MB
Current GC threshold: 21.00 MB
CDS: on
MetaspaceReclaimPolicy: balanced
 - commit_granule_bytes: 65536.
 - commit_granule_words: 8192.
 - virtual_space_node_default_size: 1048576.
 - enlarge_chunks_in_place: 1.
 - new_chunks_are_fully_committed: 0.
 - uncommit_free_chunks: 1.
 - use_allocation_guard: 0.
 - handle_deallocations: 1.


Internal statistics:

num_allocs_failed_limit: 0.
num_arena_births: 8.
num_arena_deaths: 0.
num_vsnodes_births: 2.
num_vsnodes_deaths: 0.
num_space_committed: 25.
num_space_uncommitted: 0.
num_chunks_returned_to_freelist: 0.
num_chunks_taken_from_freelist: 40.
num_chunk_merges: 0.
num_chunk_splits: 19.
num_chunks_enlarged: 14.
num_purges: 0.
num_inconsistent_stats: 0.

CodeHeap 'non-profiled nmethods': size=120000Kb used=114Kb max_used=114Kb free=119885Kb
 bounds [0x0000023e5b2c0000, 0x0000023e5b530000, 0x0000023e627f0000]
CodeHeap 'profiled nmethods': size=120000Kb used=669Kb max_used=669Kb free=119330Kb
 bounds [0x0000023e537f0000, 0x0000023e53a60000, 0x0000023e5ad20000]
CodeHeap 'non-nmethods': size=5760Kb used=1120Kb max_used=1125Kb free=4639Kb
 bounds [0x0000023e5ad20000, 0x0000023e5af90000, 0x0000023e5b2c0000]
 total_blobs=807 nmethods=421 adapters=299
 compilation: enabled
              stopped_count=0, restarted_count=0
 full_count=0

Compilation events (20 events):
Event: 0.669 Thread 0x0000023e67d3e320  357       3       java.util.Optional::orElse (16 bytes)
Event: 0.669 Thread 0x0000023e67d3e320 nmethod 357 0x0000023e53871e10 code [0x0000023e53871fa0, 0x0000023e53872118]
Event: 0.669 Thread 0x0000023e67d3e320  358   !   3       java.nio.DirectByteBuffer::get (34 bytes)
Event: 0.670 Thread 0x0000023e67d3e320 nmethod 358 0x0000023e53872190 code [0x0000023e538723c0, 0x0000023e53872bf8]
Event: 0.670 Thread 0x0000023e67d3e320  359       3       java.nio.DirectByteBuffer::ix (10 bytes)
Event: 0.670 Thread 0x0000023e67d3e320 nmethod 359 0x0000023e53873090 code [0x0000023e53873220, 0x0000023e53873338]
Event: 0.671 Thread 0x0000023e67d3e320  361       3       jdk.internal.jimage.ImageStringsReader::unmaskedHashCode (166 bytes)
Event: 0.671 Thread 0x0000023e67d3d880  362       4       java.util.zip.ZipFile::ensureOpen (40 bytes)
Event: 0.672 Thread 0x0000023e67d3e320 nmethod 361 0x0000023e53873410 code [0x0000023e53873660, 0x0000023e53874258]
Event: 0.672 Thread 0x0000023e67d3d880 nmethod 362 0x0000023e5b2d9910 code [0x0000023e5b2d9a80, 0x0000023e5b2d9b38]
Event: 0.678 Thread 0x0000023e67d3d880  363       4       java.lang.CharacterDataLatin1::getProperties (11 bytes)
Event: 0.679 Thread 0x0000023e67d3d880 nmethod 363 0x0000023e5b2d9c10 code [0x0000023e5b2d9d80, 0x0000023e5b2d9e18]
Event: 0.680 Thread 0x0000023e67d3e320  364   !   3       java.util.jar.JarFile::isMultiRelease (33 bytes)
Event: 0.680 Thread 0x0000023e67d3e320 nmethod 364 0x0000023e53874790 code [0x0000023e53874940, 0x0000023e53874b48]
Event: 0.680 Thread 0x0000023e67d3e320  366   !   3       jdk.internal.loader.URLClassPath$JarLoader::getResource (65 bytes)
Event: 0.680 Thread 0x0000023e67d3d880  367       4       java.util.jar.Manifest$FastInputStream::readLine (296 bytes)
Event: 0.681 Thread 0x0000023e67d3e320 nmethod 366 0x0000023e53874c10 code [0x0000023e53874e60, 0x0000023e538758a8]
Event: 0.681 Thread 0x0000023e67d3e320  368       3       java.lang.String::<init> (830 bytes)
Event: 0.683 Thread 0x0000023e67d3e320 nmethod 368 0x0000023e53875c10 code [0x0000023e53876100, 0x0000023e53878dd8]
Event: 0.683 Thread 0x0000023e67d3e320  372       3       java.util.jar.JarFile::getEntry (35 bytes)

GC Heap History (0 events):
No events

Deoptimization events (18 events):
Event: 0.165 Thread 0x0000023e4bf3b690 Uncommon trap: trap_request=0xffffff45 fr.pc=0x0000023e5b2c12f4 relative=0x0000000000000074
Event: 0.165 Thread 0x0000023e4bf3b690 Uncommon trap: reason=unstable_if action=reinterpret pc=0x0000023e5b2c12f4 method=java.lang.String.isLatin1()Z @ 10 c2
Event: 0.166 Thread 0x0000023e4bf3b690 DEOPT PACKING pc=0x0000023e5b2c12f4 sp=0x000000ec670ff150
Event: 0.166 Thread 0x0000023e4bf3b690 DEOPT UNPACKING pc=0x0000023e5ad75ba3 sp=0x000000ec670ff090 mode 2
Event: 0.251 Thread 0x0000023e4bf3b690 Uncommon trap: trap_request=0xffffff45 fr.pc=0x0000023e5b2c5c84 relative=0x00000000000005c4
Event: 0.251 Thread 0x0000023e4bf3b690 Uncommon trap: reason=unstable_if action=reinterpret pc=0x0000023e5b2c5c84 method=java.util.zip.ZipFile$Source.checkAndAddEntry(II)I @ 50 c2
Event: 0.251 Thread 0x0000023e4bf3b690 DEOPT PACKING pc=0x0000023e5b2c5c84 sp=0x000000ec670fdcc0
Event: 0.251 Thread 0x0000023e4bf3b690 DEOPT UNPACKING pc=0x0000023e5ad75ba3 sp=0x000000ec670fdc38 mode 2
Event: 0.271 Thread 0x0000023e4bf3b690 DEOPT PACKING pc=0x0000023e537f9467 sp=0x000000ec670fdeb0
Event: 0.271 Thread 0x0000023e4bf3b690 DEOPT UNPACKING pc=0x0000023e5ad766e3 sp=0x000000ec670fd2d0 mode 0
Event: 0.677 Thread 0x0000023e4bf3b690 Uncommon trap: trap_request=0xffffff45 fr.pc=0x0000023e5b2c9c64 relative=0x0000000000000064
Event: 0.677 Thread 0x0000023e4bf3b690 Uncommon trap: reason=unstable_if action=reinterpret pc=0x0000023e5b2c9c64 method=java.io.WinNTFileSystem.isSlash(C)Z @ 9 c2
Event: 0.677 Thread 0x0000023e4bf3b690 DEOPT PACKING pc=0x0000023e5b2c9c64 sp=0x000000ec670fde70
Event: 0.677 Thread 0x0000023e4bf3b690 DEOPT UNPACKING pc=0x0000023e5ad75ba3 sp=0x000000ec670fddf8 mode 2
Event: 0.680 Thread 0x0000023e4bf3b690 DEOPT PACKING pc=0x0000023e5383d4ac sp=0x000000ec670fd2c0
Event: 0.680 Thread 0x0000023e4bf3b690 DEOPT UNPACKING pc=0x0000023e5ad766e3 sp=0x000000ec670fc770 mode 0
Event: 0.682 Thread 0x0000023e4bf3b690 DEOPT PACKING pc=0x0000023e538220d6 sp=0x000000ec670f9b20
Event: 0.682 Thread 0x0000023e4bf3b690 DEOPT UNPACKING pc=0x0000023e5ad766e3 sp=0x000000ec670f8fc0 mode 0

Classes unloaded (0 events):
No events

Classes redefined (0 events):
No events

Internal exceptions (0 events):
No events

VM Operations (6 events):
Event: 0.215 Executing VM operation: HandshakeAllThreads
Event: 0.215 Executing VM operation: HandshakeAllThreads done
Event: 0.655 Executing VM operation: HandshakeAllThreads
Event: 0.655 Executing VM operation: HandshakeAllThreads done
Event: 0.676 Executing VM operation: HandshakeAllThreads
Event: 0.676 Executing VM operation: HandshakeAllThreads done

Events (20 events):
Event: 0.674 loading class sun/net/www/protocol/jar/JarFileFactory
Event: 0.674 loading class sun/net/www/protocol/jar/URLJarFile$URLJarFileCloseController
Event: 0.674 loading class sun/net/www/protocol/jar/URLJarFile$URLJarFileCloseController done
Event: 0.674 loading class sun/net/www/protocol/jar/JarFileFactory done
Event: 0.675 loading class sun/net/www/protocol/file/FileURLConnection
Event: 0.675 loading class sun/net/www/URLConnection
Event: 0.675 loading class sun/net/www/URLConnection done
Event: 0.675 loading class sun/net/www/protocol/file/FileURLConnection done
Event: 0.675 loading class sun/net/www/MessageHeader
Event: 0.676 loading class sun/net/www/MessageHeader done
Event: 0.676 loading class sun/net/www/protocol/jar/URLJarFile
Event: 0.676 loading class sun/net/www/protocol/jar/URLJarFile done
Event: 0.677 loading class sun/net/www/protocol/jar/URLJarFile$URLJarFileEntry
Event: 0.677 loading class sun/net/www/protocol/jar/URLJarFile$URLJarFileEntry done
Event: 0.677 loading class sun/net/www/protocol/jar/JarURLConnection$JarURLInputStream
Event: 0.678 loading class sun/net/www/protocol/jar/JarURLConnection$JarURLInputStream done
Event: 0.678 loading class java/util/LinkedHashMap$LinkedKeySet
Event: 0.679 loading class java/util/LinkedHashMap$LinkedKeySet done
Event: 0.679 loading class java/util/LinkedHashMap$LinkedKeyIterator
Event: 0.679 loading class java/util/LinkedHashMap$LinkedKeyIterator done


Dynamic libraries:
0x00007ff6b8e90000 - 0x00007ff6b8ea0000 	C:\Program Files\Java\jdk-17\bin\java.exe
0x00007ffacb110000 - 0x00007ffacb305000 	C:\Windows\SYSTEM32\ntdll.dll
0x00007ffa992d0000 - 0x00007ffa992e9000 	C:\Program Files\Avast Software\Avast\aswhook.dll
0x00007ffacaa00000 - 0x00007ffacaabd000 	C:\Windows\System32\KERNEL32.DLL
0x00007ffac8eb0000 - 0x00007ffac9177000 	C:\Windows\System32\KERNELBASE.dll
0x00007ffac8860000 - 0x00007ffac8960000 	C:\Windows\System32\ucrtbase.dll
0x00007ffabe920000 - 0x00007ffabe938000 	C:\Program Files\Java\jdk-17\bin\jli.dll
0x00007ffa25d50000 - 0x00007ffa25d6b000 	C:\Program Files\Java\jdk-17\bin\VCRUNTIME140.dll
0x00007ffac9b60000 - 0x00007ffac9c0a000 	C:\Windows\System32\ADVAPI32.dll
0x00007ffacad30000 - 0x00007ffacadce000 	C:\Windows\System32\msvcrt.dll
0x00007ffaca500000 - 0x00007ffaca59b000 	C:\Windows\System32\sechost.dll
0x00007ffacaac0000 - 0x00007ffacabe3000 	C:\Windows\System32\RPCRT4.dll
0x00007ffaca5a0000 - 0x00007ffaca740000 	C:\Windows\System32\USER32.dll
0x00007ffac8d50000 - 0x00007ffac8d72000 	C:\Windows\System32\win32u.dll
0x00007ffac7ec0000 - 0x00007ffac815a000 	C:\Windows\WinSxS\amd64_microsoft.windows.common-controls_6595b64144ccf1df_6.0.19041.1_none_b555e41d4684ddec\COMCTL32.dll
0x00007ffac93f0000 - 0x00007ffac941a000 	C:\Windows\System32\GDI32.dll
0x00007ffac8a80000 - 0x00007ffac8b8a000 	C:\Windows\System32\gdi32full.dll
0x00007ffac89e0000 - 0x00007ffac8a7d000 	C:\Windows\System32\msvcp_win.dll
0x00007ffac85c0000 - 0x00007ffac85ca000 	C:\Windows\SYSTEM32\VERSION.dll
0x00007ffaca740000 - 0x00007ffaca770000 	C:\Windows\System32\IMM32.DLL
0x000000005de00000 - 0x000000005de0c000 	C:\Program Files (x86)\360\Total Security\safemon\SafeWrapper.dll
0x00007ffa321f0000 - 0x00007ffa32282000 	C:\Program Files (x86)\360\Total Security\safemon\libzdtp64.dll
0x00007ffac9420000 - 0x00007ffac9b60000 	C:\Windows\System32\SHELL32.dll
0x00007ffac9180000 - 0x00007ffac91d5000 	C:\Windows\System32\SHLWAPI.dll
0x00007ffa298e0000 - 0x00007ffa298ec000 	C:\Program Files\Java\jdk-17\bin\vcruntime140_1.dll
0x00007ffa25960000 - 0x00007ffa259ee000 	C:\Program Files\Java\jdk-17\bin\msvcp140.dll
0x00007ffa25d70000 - 0x00007ffa26947000 	C:\Program Files\Java\jdk-17\bin\server\jvm.dll
0x00007ffacadd0000 - 0x00007ffacadd8000 	C:\Windows\System32\PSAPI.DLL
0x00007ffab1070000 - 0x00007ffab1079000 	C:\Windows\SYSTEM32\WSOCK32.dll
0x00007ffab25b0000 - 0x00007ffab25d7000 	C:\Windows\SYSTEM32\WINMM.dll
0x00007ffaca860000 - 0x00007ffaca8cb000 	C:\Windows\System32\WS2_32.dll
0x00007ffac6330000 - 0x00007ffac6343000 	C:\Windows\SYSTEM32\kernel.appcore.dll
0x00007ffa29550000 - 0x00007ffa2955a000 	C:\Program Files\Java\jdk-17\bin\jimage.dll
0x00007ffac82c0000 - 0x00007ffac84a4000 	C:\Windows\SYSTEM32\DBGHELP.DLL
0x00007ffac8180000 - 0x00007ffac81ac000 	C:\Windows\SYSTEM32\dbgcore.DLL
0x00007ffac8960000 - 0x00007ffac89df000 	C:\Windows\System32\bcryptPrimitives.dll
0x00007ffa25ce0000 - 0x00007ffa25d05000 	C:\Program Files\Java\jdk-17\bin\java.dll
0x00007ffa25c00000 - 0x00007ffa25cd7000 	C:\Program Files\Java\jdk-17\bin\jsvml.dll
0x00007ffac5b40000 - 0x00007ffac62d1000 	C:\Windows\SYSTEM32\windows.storage.dll
0x00007ffac9d30000 - 0x00007ffaca083000 	C:\Windows\System32\combase.dll
0x00007ffac7b00000 - 0x00007ffac7b2c000 	C:\Windows\SYSTEM32\Wldp.dll
0x00007ffacac80000 - 0x00007ffacad2e000 	C:\Windows\System32\SHCORE.dll
0x00007ffac87a0000 - 0x00007ffac87bf000 	C:\Windows\SYSTEM32\profapi.dll
0x00007ffa25be0000 - 0x00007ffa25bf9000 	C:\Program Files\Java\jdk-17\bin\net.dll
0x00007ffab57d0000 - 0x00007ffab58d0000 	C:\Windows\SYSTEM32\WINHTTP.dll
0x00007ffac7850000 - 0x00007ffac78ba000 	C:\Windows\system32\mswsock.dll
0x00007ffa25bc0000 - 0x00007ffa25bd6000 	C:\Program Files\Java\jdk-17\bin\nio.dll
0x00007ffa25ba0000 - 0x00007ffa25bb8000 	C:\Program Files\Java\jdk-17\bin\zip.dll

dbghelp: loaded successfully - version: 4.0.5 - missing functions: none
symbol engine: initialized successfully - sym options: 0x614 - pdb path: .;C:\Program Files\Java\jdk-17\bin;C:\Windows\SYSTEM32;C:\Program Files\Avast Software\Avast;C:\Windows\WinSxS\amd64_microsoft.windows.common-controls_6595b64144ccf1df_6.0.19041.1_none_b555e41d4684ddec;C:\Program Files (x86)\360\Total Security\safemon;C:\Program Files\Java\jdk-17\bin\server

VM Arguments:
java_command: com.imaliarosyida.studentsmartpoinwebapp.StudentSmartPoinWebappApplication
java_class_path (initial): C:\Users\Windows10\Documents\NetBeansProjects\student-smart-poin-webapp\target\classes;C:\Users\Windows10\.m2\repository\org\springframework\boot\spring-boot-starter-data-jpa\3.1.0-M2\spring-boot-starter-data-jpa-3.1.0-M2.jar;C:\Users\Windows10\.m2\repository\org\springframework\boot\spring-boot-starter-aop\3.1.0-M2\spring-boot-starter-aop-3.1.0-M2.jar;C:\Users\Windows10\.m2\repository\org\aspectj\aspectjweaver\1.9.19\aspectjweaver-1.9.19.jar;C:\Users\Windows10\.m2\repository\org\springframework\boot\spring-boot-starter-jdbc\3.1.0-M2\spring-boot-starter-jdbc-3.1.0-M2.jar;C:\Users\Windows10\.m2\repository\com\zaxxer\HikariCP\5.0.1\HikariCP-5.0.1.jar;C:\Users\Windows10\.m2\repository\org\springframework\spring-jdbc\6.0.7\spring-jdbc-6.0.7.jar;C:\Users\Windows10\.m2\repository\org\hibernate\orm\hibernate-core\6.1.7.Final\hibernate-core-6.1.7.Final.jar;C:\Users\Windows10\.m2\repository\jakarta\persistence\jakarta.persistence-api\3.1.0\jakarta.persistence-api-3.1.0.jar;C:\Users\Windows10\.m2\repository\jakarta\transaction\jakarta.transaction-api\2.0.1\jakarta.transaction-api-2.0.1.jar;C:\Users\Windows10\.m2\repository\org\jboss\logging\jboss-logging\3.5.0.Final\jboss-logging-3.5.0.Final.jar;C:\Users\Windows10\.m2\repository\org\hibernate\common\hibernate-commons-annotations\6.0.6.Final\hibernate-commons-annotations-6.0.6.Final.jar;C:\Users\Windows10\.m2\repository\org\jboss\jandex\2.4.2.Final\jandex-2.4.2.Final.jar;C:\Users\Windows10\.m2\repository\com\fasterxml\classmate\1.5.1\classmate-1.5.1.jar;C:\Users\Windows10\.m2\repository\net\bytebuddy\byte-buddy\1.14.2\byte-buddy-1.14.2.jar;C:\Users\Windows10\.m2\repository\org\glassfish\jaxb\jaxb-runtime\4.0.2\jaxb-runtime-4.0.2.jar;C:\Users\Windows10\.m2\repository\org\glassfish\jaxb\jaxb-core\4.0.2\jaxb-core-4.0.2.jar;C:\Users\Windows10\.m2\repository\org\eclipse\angus\angus-activation\2.0.0\angus-activation-2.0.0.jar;C:\Users\Windows10\.m2\repository\org\glassfish\jaxb\txw2\4.0.2\txw2-4.0.2.jar;
Launcher Type: SUN_STANDARD

[Global flags]
     intx CICompilerCount                          = 4                                         {product} {ergonomic}
     uint ConcGCThreads                            = 2                                         {product} {ergonomic}
     uint G1ConcRefinementThreads                  = 8                                         {product} {ergonomic}
   size_t G1HeapRegionSize                         = 1048576                                   {product} {ergonomic}
    uintx GCDrainStackTargetSize                   = 64                                        {product} {ergonomic}
   size_t InitialHeapSize                          = 62914560                                  {product} {ergonomic}
   size_t MarkStackSize                            = 4194304                                   {product} {ergonomic}
   size_t MaxHeapSize                              = 1006632960                                {product} {ergonomic}
   size_t MaxNewSize                               = 603979776                                 {product} {ergonomic}
   size_t MinHeapDeltaBytes                        = 1048576                                   {product} {ergonomic}
   size_t MinHeapSize                              = 8388608                                   {product} {ergonomic}
    uintx NonNMethodCodeHeapSize                   = 5839372                                {pd product} {ergonomic}
    uintx NonProfiledCodeHeapSize                  = 122909434                              {pd product} {ergonomic}
    uintx ProfiledCodeHeapSize                     = 122909434                              {pd product} {ergonomic}
    uintx ReservedCodeCacheSize                    = 251658240                              {pd product} {ergonomic}
     bool SegmentedCodeCache                       = true                                      {product} {ergonomic}
   size_t SoftMaxHeapSize                          = 1006632960                             {manageable} {ergonomic}
     bool UseCompressedClassPointers               = true                           {product lp64_product} {ergonomic}
     bool UseCompressedOops                        = true                           {product lp64_product} {ergonomic}
     bool UseG1GC                                  = true                                      {product} {ergonomic}
     bool UseLargePagesIndividualAllocation        = false                                  {pd product} {ergonomic}

Logging:
Log output configuration:
 #0: stdout all=warning uptime,level,tags
 #1: stderr all=off uptime,level,tags

Environment Variables:
JAVA_HOME=C:\Program Files\Java\jdk-17
PATH=C:\Program Files\Common Files\Oracle\Java\javapath;C:\Windows\system32;C:\Windows;C:\Windows\System32\Wbem;C:\Windows\System32\WindowsPowerShell\v1.0\;C:\Windows\System32\OpenSSH\;C:\MinGW\bin;C:\Program Files\IBM\SPSS\Statistics\25\JRE\bin;C:\Program Files (x86)\NVIDIA Corporation\PhysX\Common;C:\Program Files\NVIDIA Corporation\NVIDIA NvDLISR;C:\Program Files\Java\jdk-17\bin;C:\Program Files\Git\cmd;C:\Program Files\apache-maven-3.9.2\bin;;C:\Program Files\Docker\Docker\resources\bin;C:\Program Files\nodejs\;C:\xampp\php;C:\ProgramData\ComposerSetup\bin;C:\Users\Windows10\AppData\Local\Microsoft\WindowsApps;C:\Users\Windows10\AppData\Local\Programs\Microsoft VS Code\bin;C:\Program Files\MongoDB\Server\5.0\bin;C:\Program Files (x86)\Nmap;C:\Users\Windows10\AppData\Roaming\npm;C:\Users\Windows10\AppData\Roaming\Composer\vendor\bin
USERNAME=Windows10
OS=Windows_NT
PROCESSOR_IDENTIFIER=Intel64 Family 6 Model 126 Stepping 5, GenuineIntel



---------------  S Y S T E M  ---------------

OS:
 Windows 10 , 64 bit Build 19041 (10.0.19041.292)
OS uptime: 0 days 18:26 hours
Hyper-V role detected

CPU: total 8 (initial active 8) (4 cores per cpu, 2 threads per core) family 6 model 126 stepping 5 microcode 0xa0, cx8, cmov, fxsr, ht, mmx, 3dnowpref, sse, sse2, sse3, ssse3, sse4.1, sse4.2, popcnt, lzcnt, tsc, tscinvbit, avx, avx2, aes, erms, clmul, bmi1, bmi2, adx, avx512f, avx512dq, avx512cd, avx512bw, avx512vl, sha, fma, vzeroupper, avx512_vpopcntdq, avx512_vpclmulqdq, avx512_vaes, avx512_vnni, clflush, clflushopt, avx512_vbmi2, avx512_vbmi, hv

Memory: 4k page, system-wide physical 3836M (58M free)
TotalPageFile size 15612M (AvailPageFile size 82M)
current process WorkingSet (physical memory assigned to process): 45M, peak: 45M
current process commit charge ("private bytes"): 146M, peak: 146M

vm_info: Java HotSpot(TM) 64-Bit Server VM (17.0.6+9-LTS-190) for windows-amd64 JRE (17.0.6+9-LTS-190), built on Dec  6 2022 15:53:54 by "mach5one" with MS VC++ 17.1 (VS2022)

END.
