#
# There is insufficient memory for the Java Runtime Environment to continue.
# Native memory allocation (mmap) failed to map 62914560 bytes for G1 virtual space
# Possible reasons:
#   The system is out of physical RAM or swap space
#   The process is running with CompressedOops enabled, and the Java Heap may be blocking the growth of the native heap
# Possible solutions:
#   Reduce memory load on the system
#   Increase physical memory or swap space
#   Check if swap backing store is full
#   Decrease Java heap size (-Xmx/-Xms)
#   Decrease number of Java threads
#   Decrease Java thread stack sizes (-Xss)
#   Set larger code cache with -XX:ReservedCodeCacheSize=
#   JVM is running with Unscaled Compressed Oops mode in which the Java heap is
#     placed in the first 4GB address space. The Java Heap base address is the
#     maximum limit for the native heap growth. Please use -XX:HeapBaseMinAddress
#     to set the Java Heap base and to place the Java Heap above 4GB virtual address.
# This output file may be truncated or incomplete.
#
#  Out of Memory Error (os_windows.cpp:3550), pid=1684, tid=18584
#
# JRE version:  (17.0.6+9) (build )
# Java VM: Java HotSpot(TM) 64-Bit Server VM (17.0.6+9-LTS-190, mixed mode, sharing, tiered, compressed oops, compressed class ptrs, g1 gc, windows-amd64)
# No core dump will be written. Minidumps are not enabled by default on client versions of Windows
#

---------------  S U M M A R Y ------------

Command Line: com.imaliarosyida.studentsmartpoinwebapp.StudentSmartPoinWebappApplication

Host: Intel(R) Core(TM) i5-1035G1 CPU @ 1.00GHz, 8 cores, 3G,  Windows 10 , 64 bit Build 19041 (10.0.19041.292)
Time: Thu Jun  1 23:27:18 2023 SE Asia Standard Time elapsed time: 0.033542 seconds (0d 0h 0m 0s)

---------------  T H R E A D  ---------------

Current thread (0x0000019501e0a720):  JavaThread "Unknown thread" [_thread_in_vm, id=18584, stack(0x0000005821b00000,0x0000005821c00000)]

Stack: [0x0000005821b00000,0x0000005821c00000]
Native frames: (J=compiled Java code, j=interpreted, Vv=VM code, C=native code)
V  [jvm.dll+0x6734ea]
V  [jvm.dll+0x7d18f4]
V  [jvm.dll+0x7d309e]
V  [jvm.dll+0x7d3703]
V  [jvm.dll+0x2433c5]
V  [jvm.dll+0x6703f9]
V  [jvm.dll+0x664d32]
V  [jvm.dll+0x300086]
V  [jvm.dll+0x307606]
V  [jvm.dll+0x356c1e]
V  [jvm.dll+0x356e4f]
V  [jvm.dll+0x2d72e8]
V  [jvm.dll+0x2d8254]
V  [jvm.dll+0x7a33b1]
V  [jvm.dll+0x3647f1]
V  [jvm.dll+0x782839]
V  [jvm.dll+0x3e757f]
V  [jvm.dll+0x3e9001]
C  [jli.dll+0x5297]
C  [ucrtbase.dll+0x21542]
C  [KERNEL32.DLL+0x16fd4]
C  [ntdll.dll+0x4cec1]


---------------  P R O C E S S  ---------------

Threads class SMR info:
_java_thread_list=0x00007ff9e52be958, length=0, elements={
}

Java Threads: ( => current thread )

Other Threads:
  0x0000019501e45e70 GCTaskThread "GC Thread#0" [stack: 0x0000005821c00000,0x0000005821d00000] [id=21128]
  0x0000019501e4f590 ConcurrentGCThread "G1 Main Marker" [stack: 0x0000005821d00000,0x0000005821e00000] [id=872]
  0x0000019501e4fea0 ConcurrentGCThread "G1 Conc#0" [stack: 0x0000005821e00000,0x0000005821f00000] [id=21456]

[error occurred during error reporting (printing all threads), id 0xc0000005, EXCEPTION_ACCESS_VIOLATION (0xc0000005) at pc=0x00007ff9e4af7f07]

VM state: not at safepoint (not fully initialized)

VM Mutex/Monitor currently owned by a thread:  ([mutex/lock_event])
[0x0000019501e08520] Heap_lock - owner thread: 0x0000019501e0a720

Heap address: 0x00000000c4000000, size: 960 MB, Compressed Oops mode: 32-bit

CDS archive(s) mapped at: [0x0000000000000000-0x0000000000000000-0x0000000000000000), size 0, SharedBaseAddress: 0x0000000800000000, ArchiveRelocationMode: 0.
Narrow klass base: 0x0000000000000000, Narrow klass shift: 0, Narrow klass range: 0x0

GC Precious Log:
<Empty>

Heap:
 garbage-first heap   total 0K, used 0K [0x00000000c4000000, 0x0000000100000000)
  region size 1024K, 0 young (0K), 0 survivors (0K)

[error occurred during error reporting (printing heap information), id 0xc0000005, EXCEPTION_ACCESS_VIOLATION (0xc0000005) at pc=0x00007ff9e4edc759]

GC Heap History (0 events):
No events

Deoptimization events (0 events):
No events

Classes unloaded (0 events):
No events

Classes redefined (0 events):
No events

Internal exceptions (0 events):
No events

VM Operations (0 events):
No events

Events (1 events):
Event: 0.016 Loaded shared library C:\Program Files\Java\jdk-17\bin\java.dll


Dynamic libraries:
0x00007ff62fd40000 - 0x00007ff62fd50000 	C:\Program Files\Java\jdk-17\bin\java.exe
0x00007ffa7bf70000 - 0x00007ffa7c165000 	C:\Windows\SYSTEM32\ntdll.dll
0x00007ffa62950000 - 0x00007ffa62969000 	C:\Program Files\Avast Software\Avast\aswhook.dll
0x00007ffa7bc40000 - 0x00007ffa7bcfd000 	C:\Windows\System32\KERNEL32.DLL
0x00007ffa79ad0000 - 0x00007ffa79d97000 	C:\Windows\System32\KERNELBASE.dll
0x00007ffa796c0000 - 0x00007ffa797c0000 	C:\Windows\System32\ucrtbase.dll
0x00007ffa70b10000 - 0x00007ffa70b2b000 	C:\Program Files\Java\jdk-17\bin\VCRUNTIME140.dll
0x00007ffa71080000 - 0x00007ffa71098000 	C:\Program Files\Java\jdk-17\bin\jli.dll
0x00007ffa7be80000 - 0x00007ffa7bf2a000 	C:\Windows\System32\ADVAPI32.dll
0x00007ffa7ad30000 - 0x00007ffa7adce000 	C:\Windows\System32\msvcrt.dll
0x00007ffa7b430000 - 0x00007ffa7b4cb000 	C:\Windows\System32\sechost.dll
0x00007ffa7b770000 - 0x00007ffa7b893000 	C:\Windows\System32\RPCRT4.dll
0x00007ffa7b5d0000 - 0x00007ffa7b770000 	C:\Windows\System32\USER32.dll
0x00007ffa79da0000 - 0x00007ffa79dc2000 	C:\Windows\System32\win32u.dll
0x00007ffa7b8a0000 - 0x00007ffa7b8ca000 	C:\Windows\System32\GDI32.dll
0x00007ffa65710000 - 0x00007ffa659aa000 	C:\Windows\WinSxS\amd64_microsoft.windows.common-controls_6595b64144ccf1df_6.0.19041.1_none_b555e41d4684ddec\COMCTL32.dll
0x00007ffa79860000 - 0x00007ffa7996a000 	C:\Windows\System32\gdi32full.dll
0x00007ffa797c0000 - 0x00007ffa7985d000 	C:\Windows\System32\msvcp_win.dll
0x00007ffa79420000 - 0x00007ffa7942a000 	C:\Windows\SYSTEM32\VERSION.dll
0x00007ffa7b5a0000 - 0x00007ffa7b5d0000 	C:\Windows\System32\IMM32.DLL
0x0000000054900000 - 0x000000005490c000 	C:\Program Files (x86)\360\Total Security\safemon\SafeWrapper.dll
0x00007ff9fdaf0000 - 0x00007ff9fdb82000 	C:\Program Files (x86)\360\Total Security\safemon\libzdtp64.dll
0x00007ffa7a0f0000 - 0x00007ffa7a830000 	C:\Windows\System32\SHELL32.dll
0x00007ffa7b2a0000 - 0x00007ffa7b2f5000 	C:\Windows\System32\SHLWAPI.dll
0x00007ffa72a60000 - 0x00007ffa72a6c000 	C:\Program Files\Java\jdk-17\bin\vcruntime140_1.dll
0x00007ffa479c0000 - 0x00007ffa47a4e000 	C:\Program Files\Java\jdk-17\bin\msvcp140.dll
0x00007ff9e4810000 - 0x00007ff9e53e7000 	C:\Program Files\Java\jdk-17\bin\server\jvm.dll
0x00007ffa7ad20000 - 0x00007ffa7ad28000 	C:\Windows\System32\PSAPI.DLL
0x00007ffa61860000 - 0x00007ffa61887000 	C:\Windows\SYSTEM32\WINMM.dll
0x00007ffa60a60000 - 0x00007ffa60a69000 	C:\Windows\SYSTEM32\WSOCK32.dll
0x00007ffa7bb20000 - 0x00007ffa7bb8b000 	C:\Windows\System32\WS2_32.dll
0x00007ffa77f20000 - 0x00007ffa77f33000 	C:\Windows\SYSTEM32\kernel.appcore.dll
0x00007ffa711d0000 - 0x00007ffa711da000 	C:\Program Files\Java\jdk-17\bin\jimage.dll
0x00007ffa77c40000 - 0x00007ffa77e24000 	C:\Windows\SYSTEM32\DBGHELP.DLL
0x00007ffa6aa00000 - 0x00007ffa6aa2c000 	C:\Windows\SYSTEM32\dbgcore.DLL
0x00007ffa799a0000 - 0x00007ffa79a1f000 	C:\Windows\System32\bcryptPrimitives.dll
0x00007ffa64c30000 - 0x00007ffa64c55000 	C:\Program Files\Java\jdk-17\bin\java.dll

dbghelp: loaded successfully - version: 4.0.5 - missing functions: none
symbol engine: initialized successfully - sym options: 0x614 - pdb path: .;C:\Program Files\Java\jdk-17\bin;C:\Windows\SYSTEM32;C:\Program Files\Avast Software\Avast;C:\Windows\WinSxS\amd64_microsoft.windows.common-controls_6595b64144ccf1df_6.0.19041.1_none_b555e41d4684ddec;C:\Program Files (x86)\360\Total Security\safemon;C:\Program Files\Java\jdk-17\bin\server

VM Arguments:
java_command: com.imaliarosyida.studentsmartpoinwebapp.StudentSmartPoinWebappApplication
java_class_path (initial): C:\Users\Windows10\Documents\NetBeansProjects\student-smart-poin-webapp\target\classes;C:\Users\Windows10\.m2\repository\org\springframework\boot\spring-boot-starter-data-jpa\3.1.0-M2\spring-boot-starter-data-jpa-3.1.0-M2.jar;C:\Users\Windows10\.m2\repository\org\springframework\boot\spring-boot-starter-aop\3.1.0-M2\spring-boot-starter-aop-3.1.0-M2.jar;C:\Users\Windows10\.m2\repository\org\aspectj\aspectjweaver\1.9.19\aspectjweaver-1.9.19.jar;C:\Users\Windows10\.m2\repository\org\springframework\boot\spring-boot-starter-jdbc\3.1.0-M2\spring-boot-starter-jdbc-3.1.0-M2.jar;C:\Users\Windows10\.m2\repository\com\zaxxer\HikariCP\5.0.1\HikariCP-5.0.1.jar;C:\Users\Windows10\.m2\repository\org\springframework\spring-jdbc\6.0.7\spring-jdbc-6.0.7.jar;C:\Users\Windows10\.m2\repository\org\hibernate\orm\hibernate-core\6.1.7.Final\hibernate-core-6.1.7.Final.jar;C:\Users\Windows10\.m2\repository\jakarta\persistence\jakarta.persistence-api\3.1.0\jakarta.persistence-api-3.1.0.jar;C:\Users\Windows10\.m2\repository\jakarta\transaction\jakarta.transaction-api\2.0.1\jakarta.transaction-api-2.0.1.jar;C:\Users\Windows10\.m2\repository\org\jboss\logging\jboss-logging\3.5.0.Final\jboss-logging-3.5.0.Final.jar;C:\Users\Windows10\.m2\repository\org\hibernate\common\hibernate-commons-annotations\6.0.6.Final\hibernate-commons-annotations-6.0.6.Final.jar;C:\Users\Windows10\.m2\repository\org\jboss\jandex\2.4.2.Final\jandex-2.4.2.Final.jar;C:\Users\Windows10\.m2\repository\com\fasterxml\classmate\1.5.1\classmate-1.5.1.jar;C:\Users\Windows10\.m2\repository\net\bytebuddy\byte-buddy\1.14.2\byte-buddy-1.14.2.jar;C:\Users\Windows10\.m2\repository\org\glassfish\jaxb\jaxb-runtime\4.0.2\jaxb-runtime-4.0.2.jar;C:\Users\Windows10\.m2\repository\org\glassfish\jaxb\jaxb-core\4.0.2\jaxb-core-4.0.2.jar;C:\Users\Windows10\.m2\repository\org\eclipse\angus\angus-activation\2.0.0\angus-activation-2.0.0.jar;C:\Users\Windows10\.m2\repository\org\glassfish\jaxb\txw2\4.0.2\txw2-4.0.2.jar;
Launcher Type: SUN_STANDARD

[Global flags]
     intx CICompilerCount                          = 4                                         {product} {ergonomic}
     uint ConcGCThreads                            = 2                                         {product} {ergonomic}
     uint G1ConcRefinementThreads                  = 8                                         {product} {ergonomic}
   size_t G1HeapRegionSize                         = 1048576                                   {product} {ergonomic}
    uintx GCDrainStackTargetSize                   = 64                                        {product} {ergonomic}
   size_t InitialHeapSize                          = 62914560                                  {product} {ergonomic}
   size_t MarkStackSize                            = 4194304                                   {product} {ergonomic}
   size_t MaxHeapSize                              = 1006632960                                {product} {ergonomic}
   size_t MinHeapDeltaBytes                        = 1048576                                   {product} {ergonomic}
   size_t MinHeapSize                              = 8388608                                   {product} {ergonomic}
    uintx NonNMethodCodeHeapSize                   = 5839372                                {pd product} {ergonomic}
    uintx NonProfiledCodeHeapSize                  = 122909434                              {pd product} {ergonomic}
    uintx ProfiledCodeHeapSize                     = 122909434                              {pd product} {ergonomic}
    uintx ReservedCodeCacheSize                    = 251658240                              {pd product} {ergonomic}
     bool SegmentedCodeCache                       = true                                      {product} {ergonomic}
   size_t SoftMaxHeapSize                          = 1006632960                             {manageable} {ergonomic}
     bool UseCompressedClassPointers               = true                           {product lp64_product} {ergonomic}
     bool UseCompressedOops                        = true                           {product lp64_product} {ergonomic}
     bool UseG1GC                                  = true                                      {product} {ergonomic}
     bool UseLargePagesIndividualAllocation        = false                                  {pd product} {ergonomic}

Logging:
Log output configuration:
 #0: stdout all=warning uptime,level,tags
 #1: stderr all=off uptime,level,tags

Environment Variables:
JAVA_HOME=C:\Program Files\Java\jdk-17
PATH=C:\Program Files\Common Files\Oracle\Java\javapath;C:\Windows\system32;C:\Windows;C:\Windows\System32\Wbem;C:\Windows\System32\WindowsPowerShell\v1.0\;C:\Windows\System32\OpenSSH\;C:\MinGW\bin;C:\Program Files\IBM\SPSS\Statistics\25\JRE\bin;C:\Program Files (x86)\NVIDIA Corporation\PhysX\Common;C:\Program Files\NVIDIA Corporation\NVIDIA NvDLISR;C:\Program Files\Java\jdk-17\bin;C:\Program Files\Git\cmd;C:\Program Files\apache-maven-3.9.2\bin;;C:\Program Files\Docker\Docker\resources\bin;C:\Program Files\nodejs\;C:\xampp\php;C:\ProgramData\ComposerSetup\bin;C:\Users\Windows10\AppData\Local\Microsoft\WindowsApps;C:\Users\Windows10\AppData\Local\Programs\Microsoft VS Code\bin;C:\Program Files\MongoDB\Server\5.0\bin;C:\Program Files (x86)\Nmap;C:\Users\Windows10\AppData\Roaming\npm;C:\Users\Windows10\AppData\Roaming\Composer\vendor\bin
USERNAME=Windows10
OS=Windows_NT
PROCESSOR_IDENTIFIER=Intel64 Family 6 Model 126 Stepping 5, GenuineIntel



---------------  S Y S T E M  ---------------

OS:
 Windows 10 , 64 bit Build 19041 (10.0.19041.292)
OS uptime: 0 days 17:13 hours
Hyper-V role detected

CPU: total 8 (initial active 8) (4 cores per cpu, 2 threads per core) family 6 model 126 stepping 5 microcode 0xa0, cx8, cmov, fxsr, ht, mmx, 3dnowpref, sse, sse2, sse3, ssse3, sse4.1, sse4.2, popcnt, lzcnt, tsc, tscinvbit, avx, avx2, aes, erms, clmul, bmi1, bmi2, adx, avx512f, avx512dq, avx512cd, avx512bw, avx512vl, sha, fma, vzeroupper, avx512_vpopcntdq, avx512_vpclmulqdq, avx512_vaes, avx512_vnni, clflush, clflushopt, avx512_vbmi2, avx512_vbmi, hv

Memory: 4k page, system-wide physical 3836M (134M free)
TotalPageFile size 15612M (AvailPageFile size 26M)
current process WorkingSet (physical memory assigned to process): 11M, peak: 11M
current process commit charge ("private bytes"): 60M, peak: 120M

vm_info: Java HotSpot(TM) 64-Bit Server VM (17.0.6+9-LTS-190) for windows-amd64 JRE (17.0.6+9-LTS-190), built on Dec  6 2022 15:53:54 by "mach5one" with MS VC++ 17.1 (VS2022)

END.
